<?xml version="1.0" encoding="UTF-8"?>
<!-- Generated by org.testng.reporters.JUnitXMLReporter -->
<testsuite ignored="2" hostname="LNAR-PC073LMQ" failures="1" tests="1" name="automation(failed)" time="0.08" errors="0" timestamp="25 Aug 2019 15:06:25 GMT">
  <testcase classname="com.tutorial.seleniumbatch2.seleniumTestng" name="printSomethingExtra" time="0.007">
    <failure type="java.lang.ArithmeticException" message="/ by zero">
      <![CDATA[java.lang.ArithmeticException: / by zero
at com.tutorial.seleniumbatch2.seleniumTestng.printSomethingExtra(seleniumTestng.java:77)
at java.base/java.util.concurrent.FutureTask.run(FutureTask.java:264)
at java.base/java.util.concurrent.ThreadPoolExecutor.runWorker(ThreadPoolExecutor.java:1128)
at java.base/java.util.concurrent.ThreadPoolExecutor$Worker.run(ThreadPoolExecutor.java:628)
at java.base/java.lang.Thread.run(Thread.java:835)
... Removed 16 stack frames]]>
    </failure>
  </testcase> <!-- printSomethingExtra -->
  <testcase classname="com.tutorial.seleniumbatch2.seleniumTestng" name="testFb" time="0.0">
    <ignored/>
  </testcase> <!-- testFb -->
  <testcase classname="com.tutorial.seleniumbatch2.seleniumTestng" name="printSomething" time="0.0">
    <ignored/>
  </testcase> <!-- printSomething -->
</testsuite> <!-- automation(failed) -->
